-------------------------------------------------------------------------------
Test set: com.pluralsight.FundamentalsApplicationTests
-------------------------------------------------------------------------------
Tests run: 1, Failures: 0, Errors: 1, Skipped: 0, Time elapsed: 5.185 s <<< FAILURE! - in com.pluralsight.FundamentalsApplicationTests
contextLoads(com.pluralsight.FundamentalsApplicationTests)  Time elapsed: 0.002 s  <<< ERROR!
java.lang.IllegalStateException: Failed to load ApplicationContext
Caused by: org.springframework.beans.factory.BeanCreationException: Error creating bean with name 'serverEndpointExporter' defined in class path resource [com/oembedler/moon/graphql/boot/GraphQLWebAutoConfiguration.class]: Invocation of init method failed; nested exception is java.lang.IllegalStateException: javax.websocket.server.ServerContainer not available
Caused by: java.lang.IllegalStateException: javax.websocket.server.ServerContainer not available

